[16:36:02] [Server thread/INFO]: Starting minecraft server version 1.8.8
[16:36:02] [Server thread/INFO]: Loading properties
[16:36:02] [Server thread/INFO]: Default game type: SURVIVAL
[16:36:02] [Server thread/INFO]: This server is running CraftBukkit version git-PaperSpigot-445 (MC: 1.8.8) (Implementing API version 1.8.8-R0.1-SNAPSHOT)
[16:36:02] [Server thread/INFO]: Debug logging is disabled
[16:36:02] [Server thread/INFO]: Spigot Timings: true - Verbose: true - Interval: 5m - Length: 60m
[16:36:02] [Server thread/INFO]: Server Ping Player Sample Count: 12

[16:36:02] [Server thread/INFO]: Using 4 threads for Netty based IO
[16:36:02] [Server thread/INFO]: Data value allowed items: 
[16:36:02] [Server thread/WARN]: java.lang.NoSuchFieldException: modifiers

[16:36:02] [Server thread/WARN]: 	at java.base/java.lang.Class.getDeclaredField(Class.java:2782)

[16:36:02] [Server thread/WARN]: 	at org.github.paperspigot.PaperSpigotConfig.stackableBuckets(PaperSpigotConfig.java:192)

[16:36:03] [Server thread/WARN]: 	at java.base/jdk.internal.reflect.DirectMethodHandleAccessor.invoke(DirectMethodHandleAccessor.java:103)

[16:36:03] [Server thread/WARN]: 	at java.base/java.lang.reflect.Method.invoke(Method.java:580)

[16:36:03] [Server thread/WARN]: 	at org.github.paperspigot.PaperSpigotConfig.readConfig(PaperSpigotConfig.java:84)

[16:36:03] [Server thread/WARN]: 	at org.github.paperspigot.PaperSpigotConfig.init(PaperSpigotConfig.java:62)

[16:36:03] [Server thread/WARN]: 	at net.minecraft.server.v1_8_R3.DedicatedServer.init(DedicatedServer.java:181)

[16:36:03] [Server thread/WARN]: 	at net.minecraft.server.v1_8_R3.MinecraftServer.run(MinecraftServer.java:563)

[16:36:03] [Server thread/WARN]: 	at java.base/java.lang.Thread.run(Thread.java:1583)

[16:36:03] [Server thread/INFO]: Generating keypair
[16:36:03] [Server thread/INFO]: Starting Minecraft server on localhost:25565
[16:36:03] [Server thread/INFO]: Your platform does not provide complete low-level API for accessing direct buffers reliably. Unless explicitly requested, heap buffer will always be preferred to avoid potential system unstability.
[16:36:03] [Server thread/INFO]: Using default channel type
[16:36:03] [Server thread/INFO]: Set PluginClassLoader as parallel capable
[16:36:03] [Server thread/INFO]: [SimpleTpa] Loading SimpleTpa v6.4
[16:36:03] [Server thread/INFO]: [SimpleHomes] Loading SimpleHomes v2.2
[16:36:03] [Server thread/INFO]: [WorldEdit] Loading WorldEdit v6.1;no_git_id
[16:36:03] [Server thread/INFO]: [LoginSecurity] Loading LoginSecurity v3.2.0
[16:36:03] [Server thread/INFO]: **** Beginning UUID conversion, this may take A LONG time ****
[16:36:03] [Server thread/INFO]: Preparing level "world"
[16:36:03] [Server thread/INFO]: -------- World Settings For [world] --------
[16:36:03] [Server thread/INFO]: Mob Spawn Range: 4
[16:36:03] [Server thread/INFO]: Anti X-Ray: true
[16:36:03] [Server thread/INFO]: 	Engine Mode: 1
[16:36:03] [Server thread/INFO]: 	Hidden Blocks: [14, 15, 16, 21, 48, 49, 54, 56, 73, 74, 82, 129, 130]
[16:36:03] [Server thread/INFO]: 	Replace Blocks: [1, 5]
[16:36:03] [Server thread/INFO]: Nerfing mobs spawned from spawners: false
[16:36:03] [Server thread/INFO]: Cactus Growth Modifier: 100%
[16:36:03] [Server thread/INFO]: Cane Growth Modifier: 100%
[16:36:03] [Server thread/INFO]: Melon Growth Modifier: 100%
[16:36:03] [Server thread/INFO]: Mushroom Growth Modifier: 100%
[16:36:03] [Server thread/INFO]: Pumpkin Growth Modifier: 100%
[16:36:03] [Server thread/INFO]: Sapling Growth Modifier: 100%
[16:36:03] [Server thread/INFO]: Wheat Growth Modifier: 100%
[16:36:03] [Server thread/INFO]: NetherWart Growth Modifier: 100%
[16:36:03] [Server thread/INFO]: Entity Activation Range: An 32 / Mo 32 / Mi 16
[16:36:03] [Server thread/INFO]: Entity Tracking Range: Pl 48 / An 48 / Mo 48 / Mi 32 / Other 64
[16:36:03] [Server thread/INFO]: Hopper Transfer: 8 Hopper Check: 8 Hopper Amount: 1
[16:36:03] [Server thread/INFO]: Random Lighting Updates: false
[16:36:03] [Server thread/INFO]: Structure Info Saving: true
[16:36:03] [Server thread/INFO]: Sending up to 10 chunks per packet
[16:36:03] [Server thread/INFO]: Max Entity Collisions: 8
[16:36:03] [Server thread/INFO]: Custom Map Seeds:  Village: 10387312 Feature: 14357617
[16:36:03] [Server thread/INFO]: Max TNT Explosions: 100
[16:36:03] [Server thread/INFO]: Tile Max Tick Time: 50ms Entity max Tick Time: 50ms
[16:36:03] [Server thread/INFO]: Item Despawn Rate: 6000
[16:36:03] [Server thread/INFO]: Item Merge Radius: 2.5
[16:36:03] [Server thread/INFO]: Arrow Despawn Rate: 1200
[16:36:03] [Server thread/INFO]: Allow Zombie Pigmen to spawn from portal blocks: true
[16:36:03] [Server thread/INFO]: View Distance: 4
[16:36:03] [Server thread/INFO]: Zombie Aggressive Towards Villager: true
[16:36:03] [Server thread/INFO]: Chunks to Grow per Tick: 650
[16:36:03] [Server thread/INFO]: Clear tick list: false
[16:36:03] [Server thread/INFO]: Experience Merge Radius: 3.0
[16:36:03] [Server thread/INFO]: -------- World Settings For [world] --------
[16:36:03] [Server thread/INFO]: Squids will spawn between Y: 45.0 and Y: 63.0
[16:36:03] [Server thread/INFO]: Max height for cactus growth 3. Max height for reed growth 3
[16:36:03] [Server thread/INFO]: Living Entity Despawn Ranges:  Soft: 32 Hard: 128
[16:36:03] [Server thread/INFO]: Player blocking damage multiplier set to 0.5
[16:36:03] [Server thread/INFO]: Remove invalid mob spawner tile entities: true
[16:36:03] [Server thread/INFO]: Water over lava flow speed: 5
[16:36:03] [Server thread/INFO]: Fix TNT cannons: false
[16:36:03] [Server thread/INFO]: Allow undead horse types to be leashed: false
[16:36:03] [Server thread/INFO]: Keep spawn chunk loaded: true
[16:36:03] [Server thread/INFO]: World async lighting: false
[16:36:03] [Server thread/INFO]: WorldServer TickNextTick cap set at 10000
[16:36:03] [Server thread/INFO]: WorldServer TickNextTickList cap always processes redstone: false
[16:36:03] [Server thread/INFO]: -------- World Settings For [world_nether] --------
[16:36:03] [Server thread/INFO]: Mob Spawn Range: 4
[16:36:03] [Server thread/INFO]: Anti X-Ray: true
[16:36:03] [Server thread/INFO]: 	Engine Mode: 1
[16:36:03] [Server thread/INFO]: 	Hidden Blocks: [14, 15, 16, 21, 48, 49, 54, 56, 73, 74, 82, 129, 130]
[16:36:03] [Server thread/INFO]: 	Replace Blocks: [1, 5]
[16:36:03] [Server thread/INFO]: Nerfing mobs spawned from spawners: false
[16:36:03] [Server thread/INFO]: Cactus Growth Modifier: 100%
[16:36:03] [Server thread/INFO]: Cane Growth Modifier: 100%
[16:36:03] [Server thread/INFO]: Melon Growth Modifier: 100%
[16:36:03] [Server thread/INFO]: Mushroom Growth Modifier: 100%
[16:36:03] [Server thread/INFO]: Pumpkin Growth Modifier: 100%
[16:36:03] [Server thread/INFO]: Sapling Growth Modifier: 100%
[16:36:03] [Server thread/INFO]: Wheat Growth Modifier: 100%
[16:36:03] [Server thread/INFO]: NetherWart Growth Modifier: 100%
[16:36:03] [Server thread/INFO]: Entity Activation Range: An 32 / Mo 32 / Mi 16
[16:36:03] [Server thread/INFO]: Entity Tracking Range: Pl 48 / An 48 / Mo 48 / Mi 32 / Other 64
[16:36:03] [Server thread/INFO]: Hopper Transfer: 8 Hopper Check: 8 Hopper Amount: 1
[16:36:03] [Server thread/INFO]: Random Lighting Updates: false
[16:36:03] [Server thread/INFO]: Structure Info Saving: true
[16:36:03] [Server thread/INFO]: Sending up to 10 chunks per packet
[16:36:03] [Server thread/INFO]: Max Entity Collisions: 8
[16:36:03] [Server thread/INFO]: Custom Map Seeds:  Village: 10387312 Feature: 14357617
[16:36:03] [Server thread/INFO]: Max TNT Explosions: 100
[16:36:03] [Server thread/INFO]: Tile Max Tick Time: 50ms Entity max Tick Time: 50ms
[16:36:03] [Server thread/INFO]: Item Despawn Rate: 6000
[16:36:03] [Server thread/INFO]: Item Merge Radius: 2.5
[16:36:03] [Server thread/INFO]: Arrow Despawn Rate: 1200
[16:36:03] [Server thread/INFO]: Allow Zombie Pigmen to spawn from portal blocks: true
[16:36:03] [Server thread/INFO]: View Distance: 4
[16:36:03] [Server thread/INFO]: Zombie Aggressive Towards Villager: true
[16:36:03] [Server thread/INFO]: Chunks to Grow per Tick: 650
[16:36:03] [Server thread/INFO]: Clear tick list: false
[16:36:03] [Server thread/INFO]: Experience Merge Radius: 3.0
[16:36:03] [Server thread/INFO]: -------- World Settings For [world_nether] --------
[16:36:03] [Server thread/INFO]: Squids will spawn between Y: 45.0 and Y: 63.0
[16:36:03] [Server thread/INFO]: Max height for cactus growth 3. Max height for reed growth 3
[16:36:03] [Server thread/INFO]: Living Entity Despawn Ranges:  Soft: 32 Hard: 128
[16:36:03] [Server thread/INFO]: Player blocking damage multiplier set to 0.5
[16:36:03] [Server thread/INFO]: Remove invalid mob spawner tile entities: true
[16:36:03] [Server thread/INFO]: Water over lava flow speed: 5
[16:36:03] [Server thread/INFO]: Fix TNT cannons: false
[16:36:03] [Server thread/INFO]: Allow undead horse types to be leashed: false
[16:36:03] [Server thread/INFO]: Keep spawn chunk loaded: true
[16:36:03] [Server thread/INFO]: World async lighting: false
[16:36:03] [Server thread/INFO]: WorldServer TickNextTick cap set at 10000
[16:36:03] [Server thread/INFO]: WorldServer TickNextTickList cap always processes redstone: false
[16:36:03] [Server thread/INFO]: -------- World Settings For [world_the_end] --------
[16:36:03] [Server thread/INFO]: Mob Spawn Range: 4
[16:36:03] [Server thread/INFO]: Anti X-Ray: true
[16:36:03] [Server thread/INFO]: 	Engine Mode: 1
[16:36:03] [Server thread/INFO]: 	Hidden Blocks: [14, 15, 16, 21, 48, 49, 54, 56, 73, 74, 82, 129, 130]
[16:36:03] [Server thread/INFO]: 	Replace Blocks: [1, 5]
[16:36:03] [Server thread/INFO]: Nerfing mobs spawned from spawners: false
[16:36:03] [Server thread/INFO]: Cactus Growth Modifier: 100%
[16:36:03] [Server thread/INFO]: Cane Growth Modifier: 100%
[16:36:03] [Server thread/INFO]: Melon Growth Modifier: 100%
[16:36:03] [Server thread/INFO]: Mushroom Growth Modifier: 100%
[16:36:03] [Server thread/INFO]: Pumpkin Growth Modifier: 100%
[16:36:03] [Server thread/INFO]: Sapling Growth Modifier: 100%
[16:36:03] [Server thread/INFO]: Wheat Growth Modifier: 100%
[16:36:03] [Server thread/INFO]: NetherWart Growth Modifier: 100%
[16:36:03] [Server thread/INFO]: Entity Activation Range: An 32 / Mo 32 / Mi 16
[16:36:03] [Server thread/INFO]: Entity Tracking Range: Pl 48 / An 48 / Mo 48 / Mi 32 / Other 64
[16:36:03] [Server thread/INFO]: Hopper Transfer: 8 Hopper Check: 8 Hopper Amount: 1
[16:36:03] [Server thread/INFO]: Random Lighting Updates: false
[16:36:03] [Server thread/INFO]: Structure Info Saving: true
[16:36:03] [Server thread/INFO]: Sending up to 10 chunks per packet
[16:36:03] [Server thread/INFO]: Max Entity Collisions: 8
[16:36:03] [Server thread/INFO]: Custom Map Seeds:  Village: 10387312 Feature: 14357617
[16:36:03] [Server thread/INFO]: Max TNT Explosions: 100
[16:36:03] [Server thread/INFO]: Tile Max Tick Time: 50ms Entity max Tick Time: 50ms
[16:36:03] [Server thread/INFO]: Item Despawn Rate: 6000
[16:36:03] [Server thread/INFO]: Item Merge Radius: 2.5
[16:36:03] [Server thread/INFO]: Arrow Despawn Rate: 1200
[16:36:03] [Server thread/INFO]: Allow Zombie Pigmen to spawn from portal blocks: true
[16:36:03] [Server thread/INFO]: View Distance: 4
[16:36:03] [Server thread/INFO]: Zombie Aggressive Towards Villager: true
[16:36:03] [Server thread/INFO]: Chunks to Grow per Tick: 650
[16:36:03] [Server thread/INFO]: Clear tick list: false
[16:36:03] [Server thread/INFO]: Experience Merge Radius: 3.0
[16:36:03] [Server thread/INFO]: -------- World Settings For [world_the_end] --------
[16:36:03] [Server thread/INFO]: Squids will spawn between Y: 45.0 and Y: 63.0
[16:36:03] [Server thread/INFO]: Max height for cactus growth 3. Max height for reed growth 3
[16:36:03] [Server thread/INFO]: Living Entity Despawn Ranges:  Soft: 32 Hard: 128
[16:36:03] [Server thread/INFO]: Player blocking damage multiplier set to 0.5
[16:36:03] [Server thread/INFO]: Remove invalid mob spawner tile entities: true
[16:36:03] [Server thread/INFO]: Water over lava flow speed: 5
[16:36:03] [Server thread/INFO]: Fix TNT cannons: false
[16:36:03] [Server thread/INFO]: Allow undead horse types to be leashed: false
[16:36:03] [Server thread/INFO]: Keep spawn chunk loaded: true
[16:36:03] [Server thread/INFO]: World async lighting: false
[16:36:03] [Server thread/INFO]: WorldServer TickNextTick cap set at 10000
[16:36:03] [Server thread/INFO]: WorldServer TickNextTickList cap always processes redstone: false
[16:36:03] [Server thread/INFO]: Preparing start region for level 0 (Seed: 2502734974640362275)
[16:36:04] [Server thread/INFO]: Preparing spawn area: 5%
[16:36:05] [Server thread/INFO]: Preparing spawn area: 15%
[16:36:06] [Server thread/INFO]: Preparing spawn area: 26%
[16:36:07] [Server thread/INFO]: Preparing spawn area: 37%
[16:36:08] [Server thread/INFO]: Preparing spawn area: 56%
[16:36:09] [Server thread/INFO]: Preparing spawn area: 77%
[16:36:10] [Server thread/INFO]: Preparing spawn area: 97%
[16:36:10] [Server thread/INFO]: Preparing start region for level 1 (Seed: 2502734974640362275)
[16:36:11] [Server thread/INFO]: Preparing start region for level 2 (Seed: 2502734974640362275)
[16:36:12] [Server thread/INFO]: [SimpleTpa] Enabling SimpleTpa v6.4
[16:36:12] [Server thread/INFO]: [0;33;1m[21m[SimpleTpa] If you need support contact me at https://discord.gg/SZUkza9[m

[16:36:12] [Server thread/INFO]: [0;33;1m[21m[SimpleTpa] Simple Tpa has been enabled on version 6.4[m

[16:36:12] [Server thread/INFO]: Enabled metrics. You may opt-out by changing plugins/bStats/config.yml
[16:36:12] [Server thread/INFO]: [SimpleHomes] Enabling SimpleHomes v2.2
[16:36:12] [Server thread/INFO]: [WorldEdit] Enabling WorldEdit v6.1;no_git_id
[16:36:12] [Server thread/INFO]: WEPIF: Using the Bukkit Permissions API.
[16:36:12] [Server thread/INFO]: [WorldEdit] Using com.sk89q.worldedit.bukkit.adapter.impl.Spigot_v1_8_R3 as the Bukkit adapter
[16:36:12] [Server thread/INFO]: [LoginSecurity] Enabling LoginSecurity v3.2.0
[16:36:12] [Server thread/INFO]: [LoginSecurity] Loading base translations from "en_us"
[16:36:12] [Server thread/INFO]: [LoginSecurity] Loading specified translations from "en_us"
[16:36:12] [Server thread/INFO]: [LoginSecurity] Registering commands...
[16:36:12] [Server thread/INFO]: [LoginSecurity] Registering listeners...
[16:36:12] [Server thread/INFO]: Server permissions file permissions.yml is empty, ignoring it
[16:36:12] [Server thread/INFO]: Done (9.220s)! For help, type "help" or "?"
[16:36:12] [Server thread/INFO]: Timings Reset
[16:36:13] [Craft Scheduler Thread - 0/INFO]: [0;31;1m[21m[SimpleTpa] There is a new update available.[m

[16:36:13] [Craft Scheduler Thread - 0/INFO]: [0;31;1m[SimpleTpa] There is a new update available:[m

[16:36:13] [Craft Scheduler Thread - 0/INFO]: [0;31;1m[SimpleTpa] https://www.spigotmc.org/resources/simple-tpa.64270/[m

[16:38:40] [Server thread/INFO]: com.mojang.authlib.GameProfile@490c6191[id=<null>,name=ZaNdEr_1543,properties={},legacy=false] (/[0:0:0:0:0:0:0:1]:45324) lost connection: Disconnected
[16:39:25] [Server thread/INFO]: com.mojang.authlib.GameProfile@794f14fc[id=<null>,name=ZaNdEr_1543,properties={},legacy=false] (/[0:0:0:0:0:0:0:1]:42548) lost connection: Disconnected
[16:39:30] [Server thread/INFO]: com.mojang.authlib.GameProfile@5ab18862[id=<null>,name=ZaNdEr_1543,properties={},legacy=false] (/[0:0:0:0:0:0:0:1]:38390) lost connection: Disconnected
[16:40:11] [Server thread/INFO]: com.mojang.authlib.GameProfile@55167b74[id=<null>,name=ZaNdEr_1543,properties={},legacy=false] (/[0:0:0:0:0:0:0:1]:54012) lost connection: Disconnected
[16:40:59] [Server thread/INFO]: com.mojang.authlib.GameProfile@3c970f7d[id=<null>,name=ZaNdEr_1543,properties={},legacy=false] (/[0:0:0:0:0:0:0:1]:48478) lost connection: Disconnected
[16:43:37] [Server thread/INFO]: com.mojang.authlib.GameProfile@5e16903c[id=<null>,name=ZaNdEr_1543,properties={},legacy=false] (/[0:0:0:0:0:0:0:1]:43622) lost connection: Disconnected
